<?xml version="1.0" encoding="UTF-8"?>
<!-- Generated by org.testng.reporters.JUnitReportReporter -->
<testsuite hostname="DESKTOP-QG4TF40" failures="0" tests="2" name="com.learnautomation.testcases.LoginTestCRM" time="5.694" errors="0" timestamp="22 Apr 2020 11:30:46 GMT" skipped="0">
  <testcase classname="com.learnautomation.testcases.LoginTestCRM" name="loginApp" time="4.916"/>
  <testcase classname="com.learnautomation.testcases.LoginTestCRM" name="loginApp1" time="0.778"/>
</testsuite> <!-- com.learnautomation.testcases.LoginTestCRM -->
