<?xml version="1.0" encoding="UTF-8"?>
<!-- Generated by org.testng.reporters.JUnitReportReporter -->
<testsuite hostname="DESKTOP-QG4TF40" failures="0" tests="2" name="com.learnautomation.testcases.LoginTestCRM" time="2.870" errors="0" timestamp="26 Apr 2020 08:31:13 GMT" skipped="0">
  <testcase classname="com.learnautomation.testcases.LoginTestCRM" name="loginApp" time="2.392"/>
  <testcase classname="com.learnautomation.testcases.LoginTestCRM" name="loginApp1" time="0.478"/>
</testsuite> <!-- com.learnautomation.testcases.LoginTestCRM -->
