<?xml version="1.0" encoding="UTF-8"?>
<!-- Generated by org.testng.reporters.JUnitReportReporter -->
<testsuite hostname="DESKTOP-QG4TF40" failures="0" tests="2" name="com.learnautomation.testcases.LoginTestCRM" time="5.641" errors="0" timestamp="27 Apr 2020 09:00:47 GMT" skipped="0">
  <testcase classname="com.learnautomation.testcases.LoginTestCRM" name="loginApp" time="4.653"/>
  <testcase classname="com.learnautomation.testcases.LoginTestCRM" name="loginApp1" time="0.988"/>
</testsuite> <!-- com.learnautomation.testcases.LoginTestCRM -->
